<?xml version="1.0" encoding="UTF-8"?>
<!-- Generated by org.testng.reporters.JUnitXMLReporter -->
<testsuite hostname="Jalarambapa" ignored="2" name="p2-sw5-herokuapp-harshit-patel" tests="1" failures="0" timestamp="2022-12-11T20:53:02 GMT" time="8.12" errors="0">
  <testcase name="UserShouldLoginSuccessfullyWithValidCredentials" time="0.796" classname="com.herokuapp.testsuite.LoginPageTest"/>
  <testcase name="verifyThePasswordErrorMessage" time="0.0" classname="com.herokuapp.testsuite.LoginPageTest">
    <ignored/>
  </testcase> <!-- verifyThePasswordErrorMessage -->
  <testcase name="verifyTheUsernameErrorMessage" time="0.0" classname="com.herokuapp.testsuite.LoginPageTest">
    <ignored/>
  </testcase> <!-- verifyTheUsernameErrorMessage -->
</testsuite> <!-- p2-sw5-herokuapp-harshit-patel -->
