<?xml version="1.0" encoding="UTF-8"?>
<!-- Generated by org.testng.reporters.JUnitXMLReporter -->
<testsuite hostname="Jalarambapa" ignored="2" name="Sanity Test" tests="1" failures="0" timestamp="2022-12-13T22:35:40 GMT" time="8.771" errors="0">
  <testcase name="UserShouldLoginSuccessfullyWithValidCredentials" time="0.809" classname="com.herokuapp.testsuite.LoginPageTest"/>
  <testcase name="verifyTheUsernameErrorMessage" time="0.0" classname="com.herokuapp.testsuite.LoginPageTest">
    <ignored/>
  </testcase> <!-- verifyTheUsernameErrorMessage -->
  <testcase name="verifyThePasswordErrorMessage" time="0.0" classname="com.herokuapp.testsuite.LoginPageTest">
    <ignored/>
  </testcase> <!-- verifyThePasswordErrorMessage -->
</testsuite> <!-- Sanity Test -->
