<?xml version="1.0" encoding="UTF-8"?>
<!-- Generated by org.testng.reporters.JUnitXMLReporter -->
<testsuite hostname="Jalarambapa" ignored="0" name="Login Test" tests="3" failures="0" timestamp="2022-12-13T22:37:33 GMT" time="19.538" errors="0">
  <testcase name="UserShouldLoginSuccessfullyWithValidCredentials" time="0.841" classname="com.herokuapp.testsuite.LoginPageTest"/>
  <testcase name="verifyThePasswordErrorMessage" time="0.837" classname="com.herokuapp.testsuite.LoginPageTest"/>
  <testcase name="verifyTheUsernameErrorMessage" time="0.754" classname="com.herokuapp.testsuite.LoginPageTest"/>
</testsuite> <!-- Login Test -->
